2021-10-05T11:07:18.428Z In(05) vmx Log for VMware Fusion pid=15846 version=e.x.p build=build-18656771 option=Release
2021-10-05T11:07:18.428Z In(05) vmx The host is 64-bit.
2021-10-05T11:07:18.428Z In(05) vmx Host codepage=UTF-8 encoding=UTF-8
2021-10-05T11:07:18.428Z In(05) vmx Host is macOS 11.4 (20F71) Darwin 20.5.0
2021-10-05T11:07:18.428Z In(05) vmx Host offset from UTC is +01:00.
2021-10-05T11:07:18.404Z In(05) vmx VTHREAD 4370513216 "vmx" tid 426680
2021-10-05T11:07:18.408Z In(05) vmx Msg_SetLocaleEx: HostLocale=UTF-8 UserLocale=en
2021-10-05T11:07:18.408Z In(05) vmx DictionaryLoad: Cannot open file "/Applications/VMware Fusion Tech Preview.app/Contents/Library/messages/en/vmware.vmsg": No such file or directory.
2021-10-05T11:07:18.409Z In(05) vmx DictionaryLoad: Cannot open file "/Library/Preferences/VMware Fusion/config": No such file or directory.
2021-10-05T11:07:18.409Z In(05) vmx Msg_Reset:
2021-10-05T11:07:18.409Z In(05) vmx [msg.dictionary.load.openFailed] Cannot open file "/Library/Preferences/VMware Fusion/config": No such file or directory.
2021-10-05T11:07:18.409Z In(05) vmx ----------------------------------------
2021-10-05T11:07:18.409Z In(05) vmx ConfigDB: Failed to load /Library/Preferences/VMware Fusion/config
2021-10-05T11:07:18.409Z In(05) vmx DictionaryLoad: Cannot open file "/dev/null/Non-existing DEFAULT_LIBDIRECTORY/config": Not a directory.
2021-10-05T11:07:18.409Z In(05) vmx Msg_Reset:
2021-10-05T11:07:18.409Z In(05) vmx [msg.dictionary.load.openFailed] Cannot open file "/dev/null/Non-existing DEFAULT_LIBDIRECTORY/config": Not a directory.
2021-10-05T11:07:18.409Z In(05) vmx ----------------------------------------
2021-10-05T11:07:18.409Z In(05) vmx ConfigDB: Failed to load /dev/null/Non-existing DEFAULT_LIBDIRECTORY/config
2021-10-05T11:07:18.409Z In(05) vmx DictionaryLoad: Cannot open file "/dev/null/Non-existing DEFAULT_LIBDIRECTORY/settings": Not a directory.
2021-10-05T11:07:18.409Z In(05) vmx Msg_Reset:
2021-10-05T11:07:18.409Z In(05) vmx [msg.dictionary.load.openFailed] Cannot open file "/dev/null/Non-existing DEFAULT_LIBDIRECTORY/settings": Not a directory.
2021-10-05T11:07:18.409Z In(05) vmx ----------------------------------------
2021-10-05T11:07:18.409Z In(05) vmx ConfigDB: Failed to load /dev/null/Non-existing DEFAULT_LIBDIRECTORY/settings
2021-10-05T11:07:18.409Z In(05) vmx DictionaryLoad: Cannot open file "/Users/ashleypearson/Library/Preferences/VMware Fusion/config": No such file or directory.
2021-10-05T11:07:18.409Z In(05) vmx Msg_Reset:
2021-10-05T11:07:18.409Z In(05) vmx [msg.dictionary.load.openFailed] Cannot open file "/Users/ashleypearson/Library/Preferences/VMware Fusion/config": No such file or directory.
2021-10-05T11:07:18.409Z In(05) vmx ----------------------------------------
2021-10-05T11:07:18.409Z In(05) vmx ConfigDB: Failed to load ~/Library/Preferences/VMware Fusion/config
2021-10-05T11:07:18.419Z In(05) vmx OBJLIB-LIB: Objlib initialized.
2021-10-05T11:07:18.419Z In(05) vmx DictionaryLoad: Cannot open file "/Library/Preferences/VMware Fusion/config": No such file or directory.
2021-10-05T11:07:18.419Z In(05) vmx [msg.dictionary.load.openFailed] Cannot open file "/Library/Preferences/VMware Fusion/config": No such file or directory.
2021-10-05T11:07:18.419Z In(05) vmx PREF Optional preferences file not found at /Library/Preferences/VMware Fusion/config. Using default values.
2021-10-05T11:07:18.419Z In(05) vmx DictionaryLoad: Cannot open file "/Applications/VMware Fusion Tech Preview.app/Contents/Library/settings": No such file or directory.
2021-10-05T11:07:18.419Z In(05) vmx [msg.dictionary.load.openFailed] Cannot open file "/Applications/VMware Fusion Tech Preview.app/Contents/Library/settings": No such file or directory.
2021-10-05T11:07:18.419Z In(05) vmx PREF Optional preferences file not found at /Applications/VMware Fusion Tech Preview.app/Contents/Library/settings. Using default values.
2021-10-05T11:07:18.419Z In(05) vmx DictionaryLoad: Cannot open file "/Applications/VMware Fusion Tech Preview.app/Contents/Library/config": No such file or directory.
2021-10-05T11:07:18.419Z In(05) vmx [msg.dictionary.load.openFailed] Cannot open file "/Applications/VMware Fusion Tech Preview.app/Contents/Library/config": No such file or directory.
2021-10-05T11:07:18.419Z In(05) vmx PREF Optional preferences file not found at /Applications/VMware Fusion Tech Preview.app/Contents/Library/config. Using default values.
2021-10-05T11:07:18.419Z In(05) vmx DictionaryLoad: Cannot open file "/Users/ashleypearson/Library/Preferences/VMware Fusion/config": No such file or directory.
2021-10-05T11:07:18.419Z In(05) vmx [msg.dictionary.load.openFailed] Cannot open file "/Users/ashleypearson/Library/Preferences/VMware Fusion/config": No such file or directory.
2021-10-05T11:07:18.419Z In(05) vmx PREF Optional preferences file not found at /Users/ashleypearson/Library/Preferences/VMware Fusion/config. Using default values.
2021-10-05T11:07:18.427Z In(05) vmx lib/ssl: OpenSSL using RAND_OpenSSL for RAND
2021-10-05T11:07:18.428Z In(05) vmx lib/ssl: protocol list tls1.2
2021-10-05T11:07:18.428Z In(05) vmx lib/ssl: protocol list tls1.2 (openssl flags 0x36000000)
2021-10-05T11:07:18.428Z In(05) vmx lib/ssl: cipher list ECDHE+AESGCM:RSA+AESGCM:ECDHE+AES:RSA+AES
2021-10-05T11:07:18.428Z In(05) vmx lib/ssl: curves list prime256v1:secp384r1:secp521r1
2021-10-05T11:07:18.430Z In(05) vmx Hostname=Ashleys-MacBook-Air.local
2021-10-05T11:07:18.430Z In(05) vmx IP=127.0.0.1 (lo0)
2021-10-05T11:07:18.430Z In(05) vmx IP=::1 (lo0)
2021-10-05T11:07:18.430Z In(05) vmx IP=fe80::1 (lo0)
2021-10-05T11:07:18.430Z In(05) vmx IP=fe80::1c00:e2ff:fe14:4c5a (anpi1)
2021-10-05T11:07:18.430Z In(05) vmx IP=fe80::1c00:e2ff:fe14:4c59 (anpi0)
2021-10-05T11:07:18.430Z In(05) vmx IP=fe80::1493:26a7:8347:479a (en0)
2021-10-05T11:07:18.430Z In(05) vmx IP=192.168.0.196 (en0)
2021-10-05T11:07:18.430Z In(05) vmx IP=fe80::40a8:c9ff:febd:5940 (awdl0)
2021-10-05T11:07:18.430Z In(05) vmx IP=fe80::40a8:c9ff:febd:5940 (llw0)
2021-10-05T11:07:18.430Z In(05) vmx IP=fe80::7818:c896:c89d:3de6 (utun0)
2021-10-05T11:07:18.430Z In(05) vmx IP=fe80::1abf:25c4:a5b5:fe10 (utun1)
2021-10-05T11:07:18.430Z In(05) vmx IP=192.168.207.1 (bridge100)
2021-10-05T11:07:18.430Z In(05) vmx IP=fe80::1812:f57e:c55a:d96b (bridge100)
2021-10-05T11:07:18.430Z In(05) vmx IP=192.168.229.1 (bridge101)
2021-10-05T11:07:18.430Z In(05) vmx IP=fe80::185b:57f8:5000:174d (bridge101)
2021-10-05T11:07:18.430Z In(05) vmx System uptime 39885722171 us
2021-10-05T11:07:18.430Z In(05) vmx Command line: "/Applications/VMware Fusion Tech Preview.app/Contents/Library/vmware-vmx" "-E" "en" "-s" "vmx.stdio.keep=TRUE" "-#" "product=64;name=VMware Fusion;version=e.x.p;buildnumber=18656771;licensename=VMware Fusion for Mac OS;licenseversion=12.0;" "-@" "duplex=3;msgs=ui" "-D" "4" "/Users/ashleypearson/Desktop/uweOS_vmware_v0.9/uweOS_vm/uweOS.vmx"
2021-10-05T11:07:18.430Z In(05) vmx Msg_SetLocaleEx: HostLocale=UTF-8 UserLocale=en
2021-10-05T11:07:18.430Z In(05) vmx DictionaryLoad: Cannot open file "/Applications/VMware Fusion Tech Preview.app/Contents/Library/messages/en/vmware.vmsg": No such file or directory.
2021-10-05T11:07:18.468Z In(05) vmx Duplex socket: 3
2021-10-05T11:07:18.482Z In(05) vmx WQPoolAllocPoll : pollIx = 1, signalHandle = 16
2021-10-05T11:07:18.482Z In(05) vmx WQPoolAllocPoll : pollIx = 2, signalHandle = 19
2021-10-05T11:07:18.483Z In(05) vmx VigorTransport listening on fd 20
2021-10-05T11:07:18.483Z In(05) vmx Vigor_Init 1
2021-10-05T11:07:18.483Z In(05) vmx Connecting 'ui' to fd '3' with user '(null)'
2021-10-05T11:07:18.484Z In(05) vmx VmdbAddConnection: cnxPath=/db/connection/#1/, cnxIx=1
2021-10-05T11:07:18.484Z In(05) vmx /Users/ashleypearson/Desktop/uweOS_vmware_v0.9/uweOS_vm/uweOS.vmx: Setup symlink /var/run/vmware/54842078ef7e94400068d2567b57d1b9f2ae7054461fa876851847979b393e8c -> /var/run/vmware/501/39885760654_15846
2021-10-05T11:07:18.485Z In(05) vmx Vix: [mainDispatch.c:486]: VMAutomation: Initializing VMAutomation.
2021-10-05T11:07:18.485Z In(05) vmx Vix: [mainDispatch.c:738]: VMAutomationOpenListenerSocket() listening
2021-10-05T11:07:18.488Z In(05) vmx Vix: [mainDispatch.c:4206]: VMAutomation_ReportPowerOpFinished: statevar=0, newAppState=1870, success=1 additionalError=0
2021-10-05T11:07:18.488Z In(05) vmx Transitioned vmx/execState/val to poweredOff
2021-10-05T11:07:18.488Z In(05) vmx Vix: [mainDispatch.c:4206]: VMAutomation_ReportPowerOpFinished: statevar=1, newAppState=1873, success=1 additionalError=0
2021-10-05T11:07:18.488Z In(05) vmx Vix: [mainDispatch.c:4206]: VMAutomation_ReportPowerOpFinished: statevar=2, newAppState=1877, success=1 additionalError=0
2021-10-05T11:07:18.488Z In(05) vmx Vix: [mainDispatch.c:4206]: VMAutomation_ReportPowerOpFinished: statevar=3, newAppState=1881, success=1 additionalError=0
2021-10-05T11:07:18.495Z In(05) vmx Services_Init: Successfully opened the services.
2021-10-05T11:07:18.495Z In(05) vmx FeatureCompat: No EVC masks.
2021-10-05T11:07:18.496Z In(05) vmx UTIL: Current file descriptor limit: soft 10240, hard 4294967295.
2021-10-05T11:07:18.496Z In(05) vmx Using 24000 kHz
2021-10-05T11:07:18.496Z In(05) vmx PTSC: RefClockToPTSC 0 @ 24000000Hz -> 0 @ 24000000Hz
2021-10-05T11:07:18.496Z In(05) vmx PTSC: RefClockToPTSC ((x * 2147483648) >> 31) + 0
2021-10-05T11:07:18.496Z In(05) vmx PTSC: tscOffset 0
2021-10-05T11:07:18.496Z In(05) vmx PTSC: using reference clock
2021-10-05T11:07:18.496Z In(05) vmx PTSC: hardware TSCs are synchronized.
2021-10-05T11:07:18.496Z In(05) vmx PTSC: current PTSC=957258914007
2021-10-05T11:07:18.497Z In(05) vmx WQPoolAllocPoll : pollIx = 3, signalHandle = 26
2021-10-05T11:07:18.498Z In(05) vmx Current Display Settings:
2021-10-05T11:07:18.498Z In(05) vmx    Display: 0 size: 1920x1080 pixelSize: 3840x2160 position: (0, 0) Primary
2021-10-05T11:07:18.500Z In(05) vmx [102CD0000-103A14000): /Applications/VMware Fusion Tech Preview.app/Contents/Library/vmware-vmx
2021-10-05T11:07:18.510Z In(05) vmx ConfigCheck: No rules file found. Checks are disabled.
2021-10-05T11:07:18.510Z In(05) vmx changing directory to /Users/ashleypearson/Desktop/uweOS_vmware_v0.9/uweOS_vm/.
2021-10-05T11:07:18.510Z In(05) vmx Config file: /Users/ashleypearson/Desktop/uweOS_vmware_v0.9/uweOS_vm/uweOS.vmx
2021-10-05T11:07:18.511Z In(05) vmx Vix: [mainDispatch.c:4206]: VMAutomation_ReportPowerOpFinished: statevar=1, newAppState=1873, success=1 additionalError=0
2021-10-05T11:07:18.511Z In(05) vmx Vix: [mainDispatch.c:4206]: VMAutomation_ReportPowerOpFinished: statevar=2, newAppState=1878, success=1 additionalError=0
2021-10-05T11:07:18.518Z No(00) vmx ConfigDB: Setting sata0:1.fileName = "auto detect"
2021-10-05T11:07:18.519Z Wa(03) vmx PowerOn
2021-10-05T11:07:18.519Z In(05) vmx VMX_PowerOn: VMX build 18656771, UI build 18656771
2021-10-05T11:07:18.519Z In(05) vmx Processor affinity not supported on this host OS
2021-10-05T11:07:18.523Z In(05) vmx Vix: [mainDispatch.c:4206]: VMAutomation_ReportPowerOpFinished: statevar=0, newAppState=1871, success=1 additionalError=0
2021-10-05T11:07:18.524Z In(05) vmx VMXSTATS: Successfully created statsfile: vm.scoreboard
2021-10-05T11:07:18.524Z In(05) vmx VMXSTATS: Update Product Information: VMware Fusion	e.x.p	build-18656771	Release  TotalBlockSize: 64
2021-10-05T11:07:18.524Z In(05) vmx HOST sysname Darwin, nodename Ashleys-MacBook-Air.local, release 20.5.0, version Darwin Kernel Version 20.5.0: Sat May  8 05:10:31 PDT 2021; root:xnu-7195.121.3~9/RELEASE_ARM64_T8101, machine arm64
2021-10-05T11:07:18.524Z In(05) vmx DICT --- GLOBAL SETTINGS /Applications/VMware Fusion Tech Preview.app/Contents/Library/settings
2021-10-05T11:07:18.524Z In(05) vmx DICT --- NON PERSISTENT (null)
2021-10-05T11:07:18.524Z In(05) vmx DICT --- USER PREFERENCES /Users/ashleypearson/Library/Preferences/VMware Fusion/preferences
2021-10-05T11:07:18.524Z In(05) vmx DICT pref.dataCollectionEnabled.epoch = ""
2021-10-05T11:07:18.524Z In(05) vmx DICT pref.dataCollectionEnabled = "TRUE"
2021-10-05T11:07:18.524Z In(05) vmx DICT pref.keyboardAndMouse.vmHotKey.enabled = "FALSE"
2021-10-05T11:07:18.524Z In(05) vmx DICT pref.keyboardAndMouse.vmHotKey.count = "0"
2021-10-05T11:07:18.524Z In(05) vmx DICT pref.keyboardAndMouse.defaultProfileKey = "52f5f041-02c9-9fc0-f171-d9cb33c9e0ef"
2021-10-05T11:07:18.524Z In(05) vmx DICT pref.keyboardAndMouse.maxProfiles = "4"
2021-10-05T11:07:18.524Z In(05) vmx DICT pref.keyboardAndMouse.profile0.profileKey = "52625832-f37c-25ad-a5be-f1ab5fef909b"
2021-10-05T11:07:18.524Z In(05) vmx DICT pref.keyboardAndMouse.profile0.profileName = "Windows 8 Profile"
2021-10-05T11:07:18.524Z In(05) vmx DICT pref.keyboardAndMouse.profile0.profileType = "windows8"
2021-10-05T11:07:18.524Z In(05) vmx DICT pref.keyboardAndMouse.profile0.enableOSShortcuts = "TRUE"
2021-10-05T11:07:18.524Z In(05) vmx DICT pref.keyboardAndMouse.profile0.enableKeyMappings = "TRUE"
2021-10-05T11:07:18.524Z In(05) vmx DICT pref.keyboardAndMouse.profile0.languageSpecificKeyMappingsEnabled = "TRUE"
2021-10-05T11:07:18.524Z In(05) vmx DICT pref.keyboardAndMouse.profile0.selectedLanguage = ""
2021-10-05T11:07:18.524Z In(05) vmx DICT pref.keyboardAndMouse.profile0.cmdKeyFilterType = "none"
2021-10-05T11:07:18.524Z In(05) vmx DICT pref.keyboardAndMouse.profile0.maxMappings = "33"
2021-10-05T11:07:18.524Z In(05) vmx DICT pref.keyboardAndMouse.profile0.mapping0.mappingKey = "0"
2021-10-05T11:07:18.524Z In(05) vmx DICT pref.keyboardAndMouse.profile0.mapping0.enabled = "TRUE"
2021-10-05T11:07:18.524Z In(05) vmx DICT pref.keyboardAndMouse.profile0.mapping0.fromHost = "GUI Z"
2021-10-05T11:07:18.524Z In(05) vmx DICT pref.keyboardAndMouse.profile0.mapping0.toGuest = "CONTROL Z"
2021-10-05T11:07:18.524Z In(05) vmx DICT pref.keyboardAndMouse.profile0.mapping1.mappingKey = "1"
2021-10-05T11:07:18.524Z In(05) vmx DICT pref.keyboardAndMouse.profile0.mapping1.enabled = "TRUE"
2021-10-05T11:07:18.524Z In(05) vmx DICT pref.keyboardAndMouse.profile0.mapping1.fromHost = "GUI X"
2021-10-05T11:07:18.524Z In(05) vmx DICT pref.keyboardAndMouse.profile0.mapping1.toGuest = "CONTROL X"
2021-10-05T11:07:18.524Z In(05) vmx DICT pref.keyboardAndMouse.profile0.mapping2.mappingKey = "2"
2021-10-05T11:07:18.524Z In(05) vmx DICT pref.keyboardAndMouse.profile0.mapping2.enabled = "TRUE"
2021-10-05T11:07:18.524Z In(05) vmx DICT pref.keyboardAndMouse.profile0.mapping2.fromHost = "GUI C"
2021-10-05T11:07:18.524Z In(05) vmx DICT pref.keyboardAndMouse.profile0.mapping2.toGuest = "CONTROL C"
2021-10-05T11:07:18.524Z In(05) vmx DICT pref.keyboardAndMouse.profile0.mapping3.mappingKey = "3"
2021-10-05T11:07:18.524Z In(05) vmx DICT pref.keyboardAndMouse.profile0.mapping3.enabled = "TRUE"
2021-10-05T11:07:18.524Z In(05) vmx DICT pref.keyboardAndMouse.profile0.mapping3.fromHost = "GUI V"
2021-10-05T11:07:18.524Z In(05) vmx DICT pref.keyboardAndMouse.profile0.mapping3.toGuest = "CONTROL V"
2021-10-05T11:07:18.524Z In(05) vmx DICT pref.keyboardAndMouse.profile0.mapping4.mappingKey = "4"
2021-10-05T11:07:18.524Z In(05) vmx DICT pref.keyboardAndMouse.profile0.mapping4.enabled = "TRUE"
2021-10-05T11:07:18.524Z In(05) vmx DICT pref.keyboardAndMouse.profile0.mapping4.fromHost = "GUI P"
2021-10-05T11:07:18.524Z In(05) vmx DICT pref.keyboardAndMouse.profile0.mapping4.toGuest = "CONTROL P"
2021-10-05T11:07:18.524Z In(05) vmx DICT pref.keyboardAndMouse.profile0.mapping5.mappingKey = "5"
2021-10-05T11:07:18.524Z In(05) vmx DICT pref.keyboardAndMouse.profile0.mapping5.enabled = "TRUE"
2021-10-05T11:07:18.524Z In(05) vmx DICT pref.keyboardAndMouse.profile0.mapping5.fromHost = "GUI A"
2021-10-05T11:07:18.524Z In(05) vmx DICT pref.keyboardAndMouse.profile0.mapping5.toGuest = "CONTROL A"
2021-10-05T11:07:18.524Z In(05) vmx DICT pref.keyboardAndMouse.profile0.mapping6.mappingKey = "6"
2021-10-05T11:07:18.524Z In(05) vmx DICT pref.keyboardAndMouse.profile0.mapping6.enabled = "TRUE"
2021-10-05T11:07:18.524Z In(05) vmx DICT pref.keyboardAndMouse.profile0.mapping6.fromHost = "GUI S"
2021-10-05T11:07:18.524Z In(05) vmx DICT pref.keyboardAndMouse.profile0.mapping6.toGuest = "CONTROL S"
2021-10-05T11:07:18.524Z In(05) vmx DICT pref.keyboardAndMouse.profile0.mapping7.mappingKey = "7"
2021-10-05T11:07:18.524Z In(05) vmx DICT pref.keyboardAndMouse.profile0.mapping7.enabled = "TRUE"
2021-10-05T11:07:18.524Z In(05) vmx DICT pref.keyboardAndMouse.profile0.mapping7.fromHost = "GUI F"
2021-10-05T11:07:18.524Z In(05) vmx DICT pref.keyboardAndMouse.profile0.mapping7.toGuest = "0x03d"
2021-10-05T11:07:18.524Z In(05) vmx DICT pref.keyboardAndMouse.profile0.mapping8.mappingKey = "8"
2021-10-05T11:07:18.524Z In(05) vmx DICT pref.keyboardAndMouse.profile0.mapping8.enabled = "TRUE"
2021-10-05T11:07:18.524Z In(05) vmx DICT pref.keyboardAndMouse.profile0.mapping8.fromHost = "GUI W"
2021-10-05T11:07:18.524Z In(05) vmx DICT pref.keyboardAndMouse.profile0.mapping8.toGuest = "ALT 0x03e"
2021-10-05T11:07:18.524Z In(05) vmx DICT pref.keyboardAndMouse.profile0.mapping9.mappingKey = "9"
2021-10-05T11:07:18.524Z In(05) vmx DICT pref.keyboardAndMouse.profile0.mapping9.enabled = "TRUE"
2021-10-05T11:07:18.524Z In(05) vmx DICT pref.keyboardAndMouse.profile0.mapping9.fromHost = "CONTROL ALT 0xe"
2021-10-05T11:07:18.524Z In(05) vmx DICT pref.keyboardAndMouse.profile0.mapping9.toGuest = "CONTROL ALT 0x153"
2021-10-05T11:07:18.524Z In(05) vmx DICT pref.keyboardAndMouse.profile0.mapping10.mappingKey = "10"
2021-10-05T11:07:18.524Z In(05) vmx DICT pref.keyboardAndMouse.profile0.mapping10.enabled = "FALSE"
2021-10-05T11:07:18.524Z In(05) vmx DICT pref.keyboardAndMouse.profile0.mapping10.fromHost = "0x11c"
2021-10-05T11:07:18.524Z In(05) vmx DICT pref.keyboardAndMouse.profile0.mapping10.toGuest = "0x138"
2021-10-05T11:07:18.524Z In(05) vmx DICT pref.keyboardAndMouse.profile0.mapping11.mappingKey = "11"
2021-10-05T11:07:18.524Z In(05) vmx DICT pref.keyboardAndMouse.profile0.mapping11.enabled = "TRUE"
2021-10-05T11:07:18.524Z In(05) vmx DICT pref.keyboardAndMouse.profile0.mapping11.fromHost = "GUI SHIFT C"
2021-10-05T11:07:18.524Z In(05) vmx DICT pref.keyboardAndMouse.profile0.mapping11.toGuest = "GUI C"
2021-10-05T11:07:18.524Z In(05) vmx DICT pref.keyboardAndMouse.profile0.mapping12.mappingKey = "12"
2021-10-05T11:07:18.524Z In(05) vmx DICT pref.keyboardAndMouse.profile0.mapping12.enabled = "TRUE"
2021-10-05T11:07:18.524Z In(05) vmx DICT pref.keyboardAndMouse.profile0.mapping12.fromHost = "GUI SHIFT H"
2021-10-05T11:07:18.524Z In(05) vmx DICT pref.keyboardAndMouse.profile0.mapping12.toGuest = "GUI H"
2021-10-05T11:07:18.524Z In(05) vmx DICT pref.keyboardAndMouse.profile0.mapping13.mappingKey = "13"
2021-10-05T11:07:18.524Z In(05) vmx DICT pref.keyboardAndMouse.profile0.mapping13.enabled = "TRUE"
2021-10-05T11:07:18.524Z In(05) vmx DICT pref.keyboardAndMouse.profile0.mapping13.fromHost = "GUI SHIFT M"
2021-10-05T11:07:18.524Z In(05) vmx DICT pref.keyboardAndMouse.profile0.mapping13.toGuest = "GUI M"
2021-10-05T11:07:18.524Z In(05) vmx DICT pref.keyboardAndMouse.profile0.mapping14.mappingKey = "14"
2021-10-05T11:07:18.524Z In(05) vmx DICT pref.keyboardAndMouse.profile0.mapping14.enabled = "TRUE"
2021-10-05T11:07:18.524Z In(05) vmx DICT pref.keyboardAndMouse.profile0.mapping14.fromHost = "GUI SHIFT P"
2021-10-05T11:07:18.524Z In(05) vmx DICT pref.keyboardAndMouse.profile0.mapping14.toGuest = "GUI P"
2021-10-05T11:07:18.524Z In(05) vmx DICT pref.keyboardAndMouse.profile0.mapping15.mappingKey = "15"
2021-10-05T11:07:18.524Z In(05) vmx DICT pref.keyboardAndMouse.profile0.mapping15.enabled = "TRUE"
2021-10-05T11:07:18.524Z In(05) vmx DICT pref.keyboardAndMouse.profile0.mapping15.fromHost = "GUI SHIFT F"
2021-10-05T11:07:18.524Z In(05) vmx DICT pref.keyboardAndMouse.profile0.mapping15.toGuest = "GUI Q"
2021-10-05T11:07:18.524Z In(05) vmx DICT pref.keyboardAndMouse.profile0.mapping16.mappingKey = "16"
2021-10-05T11:07:18.524Z In(05) vmx DICT pref.keyboardAndMouse.profile0.mapping16.enabled = "TRUE"
2021-10-05T11:07:18.524Z In(05) vmx DICT pref.keyboardAndMouse.profile0.mapping16.fromHost = "GUI SHIFT V"
2021-10-05T11:07:18.524Z In(05) vmx DICT pref.keyboardAndMouse.profile0.mapping16.toGuest = "GUI V"
2021-10-05T11:07:18.524Z In(05) vmx DICT pref.keyboardAndMouse.profile0.mapping17.mappingKey = "17"
2021-10-05T11:07:18.524Z In(05) vmx DICT pref.keyboardAndMouse.profile0.mapping17.enabled = "TRUE"
2021-10-05T11:07:18.524Z In(05) vmx DICT pref.keyboardAndMouse.profile0.mapping17.fromHost = "GUI SHIFT W"
2021-10-05T11:07:18.524Z In(05) vmx DICT pref.keyboardAndMouse.profile0.mapping17.toGuest = "GUI W"
2021-10-05T11:07:18.524Z In(05) vmx DICT pref.keyboardAndMouse.profile0.mapping18.mappingKey = "18"
2021-10-05T11:07:18.524Z In(05) vmx DICT pref.keyboardAndMouse.profile0.mapping18.enabled = "TRUE"
2021-10-05T11:07:18.524Z In(05) vmx DICT pref.keyboardAndMouse.profile0.mapping18.fromHost = "GUI SHIFT X"
2021-10-05T11:07:18.524Z In(05) vmx DICT pref.keyboardAndMouse.profile0.mapping18.toGuest = "GUI X"
2021-10-05T11:07:18.524Z In(05) vmx DICT pref.keyboardAndMouse.profile0.mapping19.mappingKey = "19"
2021-10-05T11:07:18.524Z In(05) vmx DICT pref.keyboardAndMouse.profile0.mapping19.enabled = "TRUE"
2021-10-05T11:07:18.524Z In(05) vmx DICT pref.keyboardAndMouse.profile0.mapping19.fromHost = "GUI SHIFT Z"
2021-10-05T11:07:18.524Z In(05) vmx DICT pref.keyboardAndMouse.profile0.mapping19.toGuest = "GUI Z"
2021-10-05T11:07:18.524Z In(05) vmx DICT pref.keyboardAndMouse.profile0.mapping20.mappingKey = "20"
2021-10-05T11:07:18.524Z In(05) vmx DICT pref.keyboardAndMouse.profile0.mapping20.enabled = "TRUE"
2021-10-05T11:07:18.524Z In(05) vmx DICT pref.keyboardAndMouse.profile0.mapping20.fromHost = "Mouse1 Control"
2021-10-05T11:07:18.524Z In(05) vmx DICT pref.keyboardAndMouse.profile0.mapping20.toGuest = "Mouse2"
2021-10-05T11:07:18.524Z In(05) vmx DICT pref.keyboardAndMouse.profile0.mapping21.mappingKey = "21"
2021-10-05T11:07:18.524Z In(05) vmx DICT pref.keyboardAndMouse.profile0.mapping21.enabled = "TRUE"
2021-10-05T11:07:18.524Z In(05) vmx DICT pref.keyboardAndMouse.profile0.mapping21.fromHost = "Mouse1 GUI"
2021-10-05T11:07:18.524Z In(05) vmx DICT pref.keyboardAndMouse.profile0.mapping21.toGuest = "Mouse3"
2021-10-05T11:07:18.524Z In(05) vmx DICT pref.keyboardAndMouse.profile0.mapping22.mappingKey = "22"
2021-10-05T11:07:18.524Z In(05) vmx DICT pref.keyboardAndMouse.profile0.mapping22.enabled = "TRUE"
2021-10-05T11:07:18.524Z In(05) vmx DICT pref.keyboardAndMouse.profile0.mapping22.fromHost = "GUI CONTROL"
2021-10-05T11:07:18.524Z In(05) vmx DICT pref.keyboardAndMouse.profile0.mapping22.toGuest = "Ungrab"
2021-10-05T11:07:18.524Z In(05) vmx DICT pref.keyboardAndMouse.profile0.mapping23.mappingKey = "23"
2021-10-05T11:07:18.524Z In(05) vmx DICT pref.keyboardAndMouse.profile0.mapping23.enabled = "TRUE"
2021-10-05T11:07:18.524Z In(05) vmx DICT pref.keyboardAndMouse.profile0.mapping23.fromHost = "GUI CONTROL F"
2021-10-05T11:07:18.524Z In(05) vmx DICT pref.keyboardAndMouse.profile0.mapping23.toGuest = "Fullscreen"
2021-10-05T11:07:18.524Z In(05) vmx DICT pref.keyboardAndMouse.profile0.mapping24.mappingKey = "24"
2021-10-05T11:07:18.524Z In(05) vmx DICT pref.keyboardAndMouse.profile0.mapping24.enabled = "TRUE"
2021-10-05T11:07:18.524Z In(05) vmx DICT pref.keyboardAndMouse.profile0.mapping24.fromHost = "GUI SHIFT U"
2021-10-05T11:07:18.524Z In(05) vmx DICT pref.keyboardAndMouse.profile0.mapping24.toGuest = "Unity"
2021-10-05T11:07:18.524Z In(05) vmx DICT pref.keyboardAndMouse.profile0.mapping25.mappingKey = "25"
2021-10-05T11:07:18.524Z In(05) vmx DICT pref.keyboardAndMouse.profile0.mapping25.enabled = "TRUE"
2021-10-05T11:07:18.524Z In(05) vmx DICT pref.keyboardAndMouse.profile0.mapping25.fromHost = "GUI CONTROL S"
2021-10-05T11:07:18.524Z In(05) vmx DICT pref.keyboardAndMouse.profile0.mapping25.toGuest = "SingleWindow"
2021-10-05T11:07:18.524Z In(05) vmx DICT pref.keyboardAndMouse.profile0.mapping26.mappingKey = "26"
2021-10-05T11:07:18.524Z In(05) vmx DICT pref.keyboardAndMouse.profile0.mapping26.enabled = "TRUE"
2021-10-05T11:07:18.524Z In(05) vmx DICT pref.keyboardAndMouse.profile0.mapping26.fromHost = "GUI 0x029"
2021-10-05T11:07:18.524Z In(05) vmx DICT pref.keyboardAndMouse.profile0.mapping26.toGuest = "CycleWindow"
2021-10-05T11:07:18.524Z In(05) vmx DICT pref.keyboardAndMouse.profile0.mapping27.mappingKey = "27"
2021-10-05T11:07:18.524Z In(05) vmx DICT pref.keyboardAndMouse.profile0.mapping27.enabled = "TRUE"
2021-10-05T11:07:18.524Z In(05) vmx DICT pref.keyboardAndMouse.profile0.mapping27.fromHost = "GUI SHIFT 0x029"
2021-10-05T11:07:18.524Z In(05) vmx DICT pref.keyboardAndMouse.profile0.mapping27.toGuest = "CycleWindowReverse"
2021-10-05T11:07:18.524Z In(05) vmx DICT pref.keyboardAndMouse.profile0.mapping28.mappingKey = "28"
2021-10-05T11:07:18.524Z In(05) vmx DICT pref.keyboardAndMouse.profile0.mapping28.enabled = "TRUE"
2021-10-05T11:07:18.524Z In(05) vmx DICT pref.keyboardAndMouse.profile0.mapping28.fromHost = "GUI H"
2021-10-05T11:07:18.524Z In(05) vmx DICT pref.keyboardAndMouse.profile0.mapping28.toGuest = "HideApplication"
2021-10-05T11:07:18.524Z In(05) vmx DICT pref.keyboardAndMouse.profile0.mapping29.mappingKey = "29"
2021-10-05T11:07:18.524Z In(05) vmx DICT pref.keyboardAndMouse.profile0.mapping29.enabled = "TRUE"
2021-10-05T11:07:18.524Z In(05) vmx DICT pref.keyboardAndMouse.profile0.mapping29.fromHost = "GUI M"
2021-10-05T11:07:18.524Z In(05) vmx DICT pref.keyboardAndMouse.profile0.mapping29.toGuest = "MinimizeWindow"
2021-10-05T11:07:18.524Z In(05) vmx DICT pref.keyboardAndMouse.profile0.mapping30.mappingKey = "30"
2021-10-05T11:07:18.524Z In(05) vmx DICT pref.keyboardAndMouse.profile0.mapping30.enabled = "TRUE"
2021-10-05T11:07:18.524Z In(05) vmx DICT pref.keyboardAndMouse.profile0.mapping30.fromHost = "GUI Q"
2021-10-05T11:07:18.524Z In(05) vmx DICT pref.keyboardAndMouse.profile0.mapping30.toGuest = "Quit"
2021-10-05T11:07:18.524Z In(05) vmx DICT pref.keyboardAndMouse.profile0.mapping31.mappingKey = "31"
2021-10-05T11:07:18.524Z In(05) vmx DICT pref.keyboardAndMouse.profile0.mapping31.enabled = "TRUE"
2021-10-05T11:07:18.524Z In(05) vmx DICT pref.keyboardAndMouse.profile0.mapping31.fromHost = "GUI ALT SHIFT M"
2021-10-05T11:07:18.524Z In(05) vmx DICT pref.keyboardAndMouse.profile0.mapping31.toGuest = "ToggleHideMenu"
2021-10-05T11:07:18.524Z In(05) vmx DICT pref.keyboardAndMouse.profile0.mapping32.mappingKey = "32"
2021-10-05T11:07:18.524Z In(05) vmx DICT pref.keyboardAndMouse.profile0.mapping32.enabled = "FALSE"
2021-10-05T11:07:18.524Z In(05) vmx DICT pref.keyboardAndMouse.profile0.mapping32.fromHost = "GUI E"
2021-10-05T11:07:18.524Z In(05) vmx DICT pref.keyboardAndMouse.profile0.mapping32.toGuest = "Settings"
2021-10-05T11:07:18.524Z In(05) vmx DICT pref.keyboardAndMouse.profile1.profileKey = "52a9eb04-fa46-0830-58fa-ff90b96d5509"
2021-10-05T11:07:18.524Z In(05) vmx DICT pref.keyboardAndMouse.profile1.profileName = "Windows 10 Profile"
2021-10-05T11:07:18.524Z In(05) vmx DICT pref.keyboardAndMouse.profile1.profileType = "windows9"
2021-10-05T11:07:18.524Z In(05) vmx DICT pref.keyboardAndMouse.profile1.enableOSShortcuts = "TRUE"
2021-10-05T11:07:18.524Z In(05) vmx DICT pref.keyboardAndMouse.profile1.enableKeyMappings = "TRUE"
2021-10-05T11:07:18.524Z In(05) vmx DICT pref.keyboardAndMouse.profile1.languageSpecificKeyMappingsEnabled = "TRUE"
2021-10-05T11:07:18.524Z In(05) vmx DICT pref.keyboardAndMouse.profile1.selectedLanguage = ""
2021-10-05T11:07:18.524Z In(05) vmx DICT pref.keyboardAndMouse.profile1.cmdKeyFilterType = "none"
2021-10-05T11:07:18.524Z In(05) vmx DICT pref.keyboardAndMouse.profile1.maxMappings = "30"
2021-10-05T11:07:18.524Z In(05) vmx DICT pref.keyboardAndMouse.profile1.mapping0.mappingKey = "0"
2021-10-05T11:07:18.524Z In(05) vmx DICT pref.keyboardAndMouse.profile1.mapping0.enabled = "TRUE"
2021-10-05T11:07:18.524Z In(05) vmx DICT pref.keyboardAndMouse.profile1.mapping0.fromHost = "GUI Z"
2021-10-05T11:07:18.524Z In(05) vmx DICT pref.keyboardAndMouse.profile1.mapping0.toGuest = "CONTROL Z"
2021-10-05T11:07:18.524Z In(05) vmx DICT pref.keyboardAndMouse.profile1.mapping1.mappingKey = "1"
2021-10-05T11:07:18.524Z In(05) vmx DICT pref.keyboardAndMouse.profile1.mapping1.enabled = "TRUE"
2021-10-05T11:07:18.524Z In(05) vmx DICT pref.keyboardAndMouse.profile1.mapping1.fromHost = "GUI X"
2021-10-05T11:07:18.524Z In(05) vmx DICT pref.keyboardAndMouse.profile1.mapping1.toGuest = "CONTROL X"
2021-10-05T11:07:18.524Z In(05) vmx DICT pref.keyboardAndMouse.profile1.mapping2.mappingKey = "2"
2021-10-05T11:07:18.524Z In(05) vmx DICT pref.keyboardAndMouse.profile1.mapping2.enabled = "TRUE"
2021-10-05T11:07:18.524Z In(05) vmx DICT pref.keyboardAndMouse.profile1.mapping2.fromHost = "GUI C"
2021-10-05T11:07:18.524Z In(05) vmx DICT pref.keyboardAndMouse.profile1.mapping2.toGuest = "CONTROL C"
2021-10-05T11:07:18.524Z In(05) vmx DICT pref.keyboardAndMouse.profile1.mapping3.mappingKey = "3"
2021-10-05T11:07:18.524Z In(05) vmx DICT pref.keyboardAndMouse.profile1.mapping3.enabled = "TRUE"
2021-10-05T11:07:18.524Z In(05) vmx DICT pref.keyboardAndMouse.profile1.mapping3.fromHost = "GUI V"
2021-10-05T11:07:18.524Z In(05) vmx DICT pref.keyboardAndMouse.profile1.mapping3.toGuest = "CONTROL V"
2021-10-05T11:07:18.524Z In(05) vmx DICT pref.keyboardAndMouse.profile1.mapping4.mappingKey = "4"
2021-10-05T11:07:18.524Z In(05) vmx DICT pref.keyboardAndMouse.profile1.mapping4.enabled = "TRUE"
2021-10-05T11:07:18.524Z In(05) vmx DICT pref.keyboardAndMouse.profile1.mapping4.fromHost = "GUI P"
2021-10-05T11:07:18.524Z In(05) vmx DICT pref.keyboardAndMouse.profile1.mapping4.toGuest = "CONTROL P"
2021-10-05T11:07:18.524Z In(05) vmx DICT pref.keyboardAndMouse.profile1.mapping5.mappingKey = "5"
2021-10-05T11:07:18.524Z In(05) vmx DICT pref.keyboardAndMouse.profile1.mapping5.enabled = "TRUE"
2021-10-05T11:07:18.524Z In(05) vmx DICT pref.keyboardAndMouse.profile1.mapping5.fromHost = "GUI A"
2021-10-05T11:07:18.524Z In(05) vmx DICT pref.keyboardAndMouse.profile1.mapping5.toGuest = "CONTROL A"
2021-10-05T11:07:18.524Z In(05) vmx DICT pref.keyboardAndMouse.profile1.mapping6.mappingKey = "6"
2021-10-05T11:07:18.524Z In(05) vmx DICT pref.keyboardAndMouse.profile1.mapping6.enabled = "TRUE"
2021-10-05T11:07:18.524Z In(05) vmx DICT pref.keyboardAndMouse.profile1.mapping6.fromHost = "GUI S"
2021-10-05T11:07:18.524Z In(05) vmx DICT pref.keyboardAndMouse.profile1.mapping6.toGuest = "CONTROL S"
2021-10-05T11:07:18.524Z In(05) vmx DICT pref.keyboardAndMouse.profile1.mapping7.mappingKey = "7"
2021-10-05T11:07:18.524Z In(05) vmx DICT pref.keyboardAndMouse.profile1.mapping7.enabled = "TRUE"
2021-10-05T11:07:18.524Z In(05) vmx DICT pref.keyboardAndMouse.profile1.mapping7.fromHost = "GUI F"
2021-10-05T11:07:18.524Z In(05) vmx DICT pref.keyboardAndMouse.profile1.mapping7.toGuest = "0x03d"
2021-10-05T11:07:18.524Z In(05) vmx DICT pref.keyboardAndMouse.profile1.mapping8.mappingKey = "8"
2021-10-05T11:07:18.524Z In(05) vmx DICT pref.keyboardAndMouse.profile1.mapping8.enabled = "TRUE"
2021-10-05T11:07:18.524Z In(05) vmx DICT pref.keyboardAndMouse.profile1.mapping8.fromHost = "GUI W"
2021-10-05T11:07:18.524Z In(05) vmx DICT pref.keyboardAndMouse.profile1.mapping8.toGuest = "ALT 0x03e"
2021-10-05T11:07:18.524Z In(05) vmx DICT pref.keyboardAndMouse.profile1.mapping9.mappingKey = "9"
2021-10-05T11:07:18.524Z In(05) vmx DICT pref.keyboardAndMouse.profile1.mapping9.enabled = "TRUE"
2021-10-05T11:07:18.524Z In(05) vmx DICT pref.keyboardAndMouse.profile1.mapping9.fromHost = "CONTROL ALT 0xe"
2021-10-05T11:07:18.524Z In(05) vmx DICT pref.keyboardAndMouse.profile1.mapping9.toGuest = "CONTROL ALT 0x153"
2021-10-05T11:07:18.524Z In(05) vmx DICT pref.keyboardAndMouse.profile1.mapping10.mappingKey = "10"
2021-10-05T11:07:18.524Z In(05) vmx DICT pref.keyboardAndMouse.profile1.mapping10.enabled = "FALSE"
2021-10-05T11:07:18.524Z In(05) vmx DICT pref.keyboardAndMouse.profile1.mapping10.fromHost = "0x11c"
2021-10-05T11:07:18.524Z In(05) vmx DICT pref.keyboardAndMouse.profile1.mapping10.toGuest = "0x138"
2021-10-05T11:07:18.524Z In(05) vmx DICT pref.keyboardAndMouse.profile1.mapping11.mappingKey = "11"
2021-10-05T11:07:18.524Z In(05) vmx DICT pref.keyboardAndMouse.profile1.mapping11.enabled = "TRUE"
2021-10-05T11:07:18.524Z In(05) vmx DICT pref.keyboardAndMouse.profile1.mapping11.fromHost = "GUI SHIFT H"
2021-10-05T11:07:18.524Z In(05) vmx DICT pref.keyboardAndMouse.profile1.mapping11.toGuest = "GUI H"
2021-10-05T11:07:18.524Z In(05) vmx DICT pref.keyboardAndMouse.profile1.mapping12.mappingKey = "12"
2021-10-05T11:07:18.524Z In(05) vmx DICT pref.keyboardAndMouse.profile1.mapping12.enabled = "TRUE"
2021-10-05T11:07:18.524Z In(05) vmx DICT pref.keyboardAndMouse.profile1.mapping12.fromHost = "GUI SHIFT M"
2021-10-05T11:07:18.524Z In(05) vmx DICT pref.keyboardAndMouse.profile1.mapping12.toGuest = "GUI M"
2021-10-05T11:07:18.524Z In(05) vmx DICT pref.keyboardAndMouse.profile1.mapping13.mappingKey = "13"
2021-10-05T11:07:18.524Z In(05) vmx DICT pref.keyboardAndMouse.profile1.mapping13.enabled = "TRUE"
2021-10-05T11:07:18.524Z In(05) vmx DICT pref.keyboardAndMouse.profile1.mapping13.fromHost = "GUI SHIFT P"
2021-10-05T11:07:18.524Z In(05) vmx DICT pref.keyboardAndMouse.profile1.mapping13.toGuest = "GUI P"
2021-10-05T11:07:18.524Z In(05) vmx DICT pref.keyboardAndMouse.profile1.mapping14.mappingKey = "14"
2021-10-05T11:07:18.524Z In(05) vmx DICT pref.keyboardAndMouse.profile1.mapping14.enabled = "TRUE"
2021-10-05T11:07:18.524Z In(05) vmx DICT pref.keyboardAndMouse.profile1.mapping14.fromHost = "GUI SHIFT V"
2021-10-05T11:07:18.524Z In(05) vmx DICT pref.keyboardAndMouse.profile1.mapping14.toGuest = "GUI V"
2021-10-05T11:07:18.524Z In(05) vmx DICT pref.keyboardAndMouse.profile1.mapping15.mappingKey = "15"
2021-10-05T11:07:18.524Z In(05) vmx DICT pref.keyboardAndMouse.profile1.mapping15.enabled = "TRUE"
2021-10-05T11:07:18.524Z In(05) vmx DICT pref.keyboardAndMouse.profile1.mapping15.fromHost = "GUI SHIFT X"
2021-10-05T11:07:18.524Z In(05) vmx DICT pref.keyboardAndMouse.profile1.mapping15.toGuest = "GUI X"
2021-10-05T11:07:18.524Z In(05) vmx DICT pref.keyboardAndMouse.profile1.mapping16.mappingKey = "16"
2021-10-05T11:07:18.524Z In(05) vmx DICT pref.keyboardAndMouse.profile1.mapping16.enabled = "TRUE"
2021-10-05T11:07:18.524Z In(05) vmx DICT pref.keyboardAndMouse.profile1.mapping16.fromHost = "GUI SHIFT Z"
2021-10-05T11:07:18.524Z In(05) vmx DICT pref.keyboardAndMouse.profile1.mapping16.toGuest = "GUI Z"
2021-10-05T11:07:18.524Z In(05) vmx DICT pref.keyboardAndMouse.profile1.mapping17.mappingKey = "17"
2021-10-05T11:07:18.524Z In(05) vmx DICT pref.keyboardAndMouse.profile1.mapping17.enabled = "TRUE"
2021-10-05T11:07:18.524Z In(05) vmx DICT pref.keyboardAndMouse.profile1.mapping17.fromHost = "Mouse1 Control"
2021-10-05T11:07:18.524Z In(05) vmx DICT pref.keyboardAndMouse.profile1.mapping17.toGuest = "Mouse2"
2021-10-05T11:07:18.524Z In(05) vmx DICT pref.keyboardAndMouse.profile1.mapping18.mappingKey = "18"
2021-10-05T11:07:18.524Z In(05) vmx DICT pref.keyboardAndMouse.profile1.mapping18.enabled = "TRUE"
2021-10-05T11:07:18.524Z In(05) vmx DICT pref.keyboardAndMouse.profile1.mapping18.fromHost = "Mouse1 GUI"
2021-10-05T11:07:18.524Z In(05) vmx DICT pref.keyboardAndMouse.profile1.mapping18.toGuest = "Mouse3"
2021-10-05T11:07:18.524Z In(05) vmx DICT pref.keyboardAndMouse.profile1.mapping19.mappingKey = "19"
2021-10-05T11:07:18.524Z In(05) vmx DICT pref.keyboardAndMouse.profile1.mapping19.enabled = "TRUE"
2021-10-05T11:07:18.524Z In(05) vmx DICT pref.keyboardAndMouse.profile1.mapping19.fromHost = "GUI CONTROL"
2021-10-05T11:07:18.524Z In(05) vmx DICT pref.keyboardAndMouse.profile1.mapping19.toGuest = "Ungrab"
2021-10-05T11:07:18.524Z In(05) vmx DICT pref.keyboardAndMouse.profile1.mapping20.mappingKey = "20"
2021-10-05T11:07:18.524Z In(05) vmx DICT pref.keyboardAndMouse.profile1.mapping20.enabled = "TRUE"
2021-10-05T11:07:18.524Z In(05) vmx DICT pref.keyboardAndMouse.profile1.mapping20.fromHost = "GUI CONTROL F"
2021-10-05T11:07:18.524Z In(05) vmx DICT pref.keyboardAndMouse.profile1.mapping20.toGuest = "Fullscreen"
2021-10-05T11:07:18.524Z In(05) vmx DICT pref.keyboardAndMouse.profile1.mapping21.mappingKey = "21"
2021-10-05T11:07:18.524Z In(05) vmx DICT pref.keyboardAndMouse.profile1.mapping21.enabled = "TRUE"
2021-10-05T11:07:18.524Z In(05) vmx DICT pref.keyboardAndMouse.profile1.mapping21.fromHost = "GUI SHIFT U"
2021-10-05T11:07:18.524Z In(05) vmx DICT pref.keyboardAndMouse.profile1.mapping21.toGuest = "Unity"
2021-10-05T11:07:18.524Z In(05) vmx DICT pref.keyboardAndMouse.profile1.mapping22.mappingKey = "22"
2021-10-05T11:07:18.524Z In(05) vmx DICT pref.keyboardAndMouse.profile1.mapping22.enabled = "TRUE"
2021-10-05T11:07:18.524Z In(05) vmx DICT pref.keyboardAndMouse.profile1.mapping22.fromHost = "GUI CONTROL S"
2021-10-05T11:07:18.524Z In(05) vmx DICT pref.keyboardAndMouse.profile1.mapping22.toGuest = "SingleWindow"
2021-10-05T11:07:18.524Z In(05) vmx DICT pref.keyboardAndMouse.profile1.mapping23.mappingKey = "23"
2021-10-05T11:07:18.524Z In(05) vmx DICT pref.keyboardAndMouse.profile1.mapping23.enabled = "TRUE"
2021-10-05T11:07:18.524Z In(05) vmx DICT pref.keyboardAndMouse.profile1.mapping23.fromHost = "GUI 0x029"
2021-10-05T11:07:18.524Z In(05) vmx DICT pref.keyboardAndMouse.profile1.mapping23.toGuest = "CycleWindow"
2021-10-05T11:07:18.524Z In(05) vmx DICT pref.keyboardAndMouse.profile1.mapping24.mappingKey = "24"
2021-10-05T11:07:18.524Z In(05) vmx DICT pref.keyboardAndMouse.profile1.mapping24.enabled = "TRUE"
2021-10-05T11:07:18.524Z In(05) vmx DICT pref.keyboardAndMouse.profile1.mapping24.fromHost = "GUI SHIFT 0x029"
2021-10-05T11:07:18.524Z In(05) vmx DICT pref.keyboardAndMouse.profile1.mapping24.toGuest = "CycleWindowReverse"
2021-10-05T11:07:18.524Z In(05) vmx DICT pref.keyboardAndMouse.profile1.mapping25.mappingKey = "25"
2021-10-05T11:07:18.524Z In(05) vmx DICT pref.keyboardAndMouse.profile1.mapping25.enabled = "TRUE"
2021-10-05T11:07:18.524Z In(05) vmx DICT pref.keyboardAndMouse.profile1.mapping25.fromHost = "GUI H"
2021-10-05T11:07:18.524Z In(05) vmx DICT pref.keyboardAndMouse.profile1.mapping25.toGuest = "HideApplication"
2021-10-05T11:07:18.524Z In(05) vmx DICT pref.keyboardAndMouse.profile1.mapping26.mappingKey = "26"
2021-10-05T11:07:18.524Z In(05) vmx DICT pref.keyboardAndMouse.profile1.mapping26.enabled = "TRUE"
2021-10-05T11:07:18.524Z In(05) vmx DICT pref.keyboardAndMouse.profile1.mapping26.fromHost = "GUI M"
2021-10-05T11:07:18.524Z In(05) vmx DICT pref.keyboardAndMouse.profile1.mapping26.toGuest = "MinimizeWindow"
2021-10-05T11:07:18.524Z In(05) vmx DICT pref.keyboardAndMouse.profile1.mapping27.mappingKey = "27"
2021-10-05T11:07:18.524Z In(05) vmx DICT pref.keyboardAndMouse.profile1.mapping27.enabled = "TRUE"
2021-10-05T11:07:18.524Z In(05) vmx DICT pref.keyboardAndMouse.profile1.mapping27.fromHost = "GUI Q"
2021-10-05T11:07:18.524Z In(05) vmx DICT pref.keyboardAndMouse.profile1.mapping27.toGuest = "Quit"
2021-10-05T11:07:18.524Z In(05) vmx DICT pref.keyboardAndMouse.profile1.mapping28.mappingKey = "28"
2021-10-05T11:07:18.524Z In(05) vmx DICT pref.keyboardAndMouse.profile1.mapping28.enabled = "TRUE"
2021-10-05T11:07:18.524Z In(05) vmx DICT pref.keyboardAndMouse.profile1.mapping28.fromHost = "GUI ALT SHIFT M"
2021-10-05T11:07:18.524Z In(05) vmx DICT pref.keyboardAndMouse.profile1.mapping28.toGuest = "ToggleHideMenu"
2021-10-05T11:07:18.524Z In(05) vmx DICT pref.keyboardAndMouse.profile1.mapping29.mappingKey = "29"
2021-10-05T11:07:18.524Z In(05) vmx DICT pref.keyboardAndMouse.profile1.mapping29.enabled = "FALSE"
2021-10-05T11:07:18.524Z In(05) vmx DICT pref.keyboardAndMouse.profile1.mapping29.fromHost = "GUI E"
2021-10-05T11:07:18.524Z In(05) vmx DICT pref.keyboardAndMouse.profile1.mapping29.toGuest = "Settings"
2021-10-05T11:07:18.524Z In(05) vmx DICT pref.keyboardAndMouse.profile2.profileKey = "52f52aef-bf5d-273b-7027-01ca78bc5466"
2021-10-05T11:07:18.524Z In(05) vmx DICT pref.keyboardAndMouse.profile2.profileName = "Mac Profile"
2021-10-05T11:07:18.524Z In(05) vmx DICT pref.keyboardAndMouse.profile2.profileType = "mac"
2021-10-05T11:07:18.524Z In(05) vmx DICT pref.keyboardAndMouse.profile2.enableOSShortcuts = "FALSE"
2021-10-05T11:07:18.524Z In(05) vmx DICT pref.keyboardAndMouse.profile2.enableKeyMappings = "TRUE"
2021-10-05T11:07:18.524Z In(05) vmx DICT pref.keyboardAndMouse.profile2.languageSpecificKeyMappingsEnabled = "FALSE"
2021-10-05T11:07:18.524Z In(05) vmx DICT pref.keyboardAndMouse.profile2.selectedLanguage = ""
2021-10-05T11:07:18.524Z In(05) vmx DICT pref.keyboardAndMouse.profile2.cmdKeyFilterType = "none"
2021-10-05T11:07:18.524Z In(05) vmx DICT pref.keyboardAndMouse.profile2.maxMappings = "14"
2021-10-05T11:07:18.524Z In(05) vmx DICT pref.keyboardAndMouse.profile2.mapping0.mappingKey = "0"
2021-10-05T11:07:18.524Z In(05) vmx DICT pref.keyboardAndMouse.profile2.mapping0.enabled = "FALSE"
2021-10-05T11:07:18.524Z In(05) vmx DICT pref.keyboardAndMouse.profile2.mapping0.fromHost = "Mouse1 Control"
2021-10-05T11:07:18.524Z In(05) vmx DICT pref.keyboardAndMouse.profile2.mapping0.toGuest = "Mouse2"
2021-10-05T11:07:18.525Z In(05) vmx DICT pref.keyboardAndMouse.profile2.mapping1.mappingKey = "1"
2021-10-05T11:07:18.525Z In(05) vmx DICT pref.keyboardAndMouse.profile2.mapping1.enabled = "FALSE"
2021-10-05T11:07:18.525Z In(05) vmx DICT pref.keyboardAndMouse.profile2.mapping1.fromHost = "Mouse1 GUI"
2021-10-05T11:07:18.525Z In(05) vmx DICT pref.keyboardAndMouse.profile2.mapping1.toGuest = "Mouse3"
2021-10-05T11:07:18.525Z In(05) vmx DICT pref.keyboardAndMouse.profile2.mapping2.mappingKey = "2"
2021-10-05T11:07:18.525Z In(05) vmx DICT pref.keyboardAndMouse.profile2.mapping2.enabled = "TRUE"
2021-10-05T11:07:18.525Z In(05) vmx DICT pref.keyboardAndMouse.profile2.mapping2.fromHost = "GUI CONTROL"
2021-10-05T11:07:18.525Z In(05) vmx DICT pref.keyboardAndMouse.profile2.mapping2.toGuest = "Ungrab"
2021-10-05T11:07:18.525Z In(05) vmx DICT pref.keyboardAndMouse.profile2.mapping3.mappingKey = "3"
2021-10-05T11:07:18.525Z In(05) vmx DICT pref.keyboardAndMouse.profile2.mapping3.enabled = "TRUE"
2021-10-05T11:07:18.525Z In(05) vmx DICT pref.keyboardAndMouse.profile2.mapping3.fromHost = "GUI CONTROL F"
2021-10-05T11:07:18.525Z In(05) vmx DICT pref.keyboardAndMouse.profile2.mapping3.toGuest = "Fullscreen"
2021-10-05T11:07:18.525Z In(05) vmx DICT pref.keyboardAndMouse.profile2.mapping4.mappingKey = "4"
2021-10-05T11:07:18.525Z In(05) vmx DICT pref.keyboardAndMouse.profile2.mapping4.enabled = "FALSE"
2021-10-05T11:07:18.525Z In(05) vmx DICT pref.keyboardAndMouse.profile2.mapping4.fromHost = "GUI CONTROL U"
2021-10-05T11:07:18.525Z In(05) vmx DICT pref.keyboardAndMouse.profile2.mapping4.toGuest = "Unity"
2021-10-05T11:07:18.525Z In(05) vmx DICT pref.keyboardAndMouse.profile2.mapping5.mappingKey = "5"
2021-10-05T11:07:18.525Z In(05) vmx DICT pref.keyboardAndMouse.profile2.mapping5.enabled = "FALSE"
2021-10-05T11:07:18.525Z In(05) vmx DICT pref.keyboardAndMouse.profile2.mapping5.fromHost = "GUI SHIFT U"
2021-10-05T11:07:18.525Z In(05) vmx DICT pref.keyboardAndMouse.profile2.mapping5.toGuest = "Unity"
2021-10-05T11:07:18.525Z In(05) vmx DICT pref.keyboardAndMouse.profile2.mapping6.mappingKey = "6"
2021-10-05T11:07:18.525Z In(05) vmx DICT pref.keyboardAndMouse.profile2.mapping6.enabled = "TRUE"
2021-10-05T11:07:18.525Z In(05) vmx DICT pref.keyboardAndMouse.profile2.mapping6.fromHost = "GUI CONTROL S"
2021-10-05T11:07:18.525Z In(05) vmx DICT pref.keyboardAndMouse.profile2.mapping6.toGuest = "SingleWindow"
2021-10-05T11:07:18.525Z In(05) vmx DICT pref.keyboardAndMouse.profile2.mapping7.mappingKey = "7"
2021-10-05T11:07:18.525Z In(05) vmx DICT pref.keyboardAndMouse.profile2.mapping7.enabled = "FALSE"
2021-10-05T11:07:18.525Z In(05) vmx DICT pref.keyboardAndMouse.profile2.mapping7.fromHost = "GUI 0x029"
2021-10-05T11:07:18.525Z In(05) vmx DICT pref.keyboardAndMouse.profile2.mapping7.toGuest = "CycleWindow"
2021-10-05T11:07:18.525Z In(05) vmx DICT pref.keyboardAndMouse.profile2.mapping8.mappingKey = "8"
2021-10-05T11:07:18.525Z In(05) vmx DICT pref.keyboardAndMouse.profile2.mapping8.enabled = "FALSE"
2021-10-05T11:07:18.525Z In(05) vmx DICT pref.keyboardAndMouse.profile2.mapping8.fromHost = "GUI SHIFT 0x029"
2021-10-05T11:07:18.525Z In(05) vmx DICT pref.keyboardAndMouse.profile2.mapping8.toGuest = "CycleWindowReverse"
2021-10-05T11:07:18.525Z In(05) vmx DICT pref.keyboardAndMouse.profile2.mapping9.mappingKey = "9"
2021-10-05T11:07:18.525Z In(05) vmx DICT pref.keyboardAndMouse.profile2.mapping9.enabled = "FALSE"
2021-10-05T11:07:18.525Z In(05) vmx DICT pref.keyboardAndMouse.profile2.mapping9.fromHost = "GUI H"
2021-10-05T11:07:18.525Z In(05) vmx DICT pref.keyboardAndMouse.profile2.mapping9.toGuest = "HideApplication"
2021-10-05T11:07:18.525Z In(05) vmx DICT pref.keyboardAndMouse.profile2.mapping10.mappingKey = "10"
2021-10-05T11:07:18.525Z In(05) vmx DICT pref.keyboardAndMouse.profile2.mapping10.enabled = "FALSE"
2021-10-05T11:07:18.525Z In(05) vmx DICT pref.keyboardAndMouse.profile2.mapping10.fromHost = "GUI M"
2021-10-05T11:07:18.525Z In(05) vmx DICT pref.keyboardAndMouse.profile2.mapping10.toGuest = "MinimizeWindow"
2021-10-05T11:07:18.525Z In(05) vmx DICT pref.keyboardAndMouse.profile2.mapping11.mappingKey = "11"
2021-10-05T11:07:18.525Z In(05) vmx DICT pref.keyboardAndMouse.profile2.mapping11.enabled = "FALSE"
2021-10-05T11:07:18.525Z In(05) vmx DICT pref.keyboardAndMouse.profile2.mapping11.fromHost = "GUI Q"
2021-10-05T11:07:18.525Z In(05) vmx DICT pref.keyboardAndMouse.profile2.mapping11.toGuest = "Quit"
2021-10-05T11:07:18.525Z In(05) vmx DICT pref.keyboardAndMouse.profile2.mapping12.mappingKey = "12"
2021-10-05T11:07:18.525Z In(05) vmx DICT pref.keyboardAndMouse.profile2.mapping12.enabled = "TRUE"
2021-10-05T11:07:18.525Z In(05) vmx DICT pref.keyboardAndMouse.profile2.mapping12.fromHost = "GUI SHIFT M"
2021-10-05T11:07:18.525Z In(05) vmx DICT pref.keyboardAndMouse.profile2.mapping12.toGuest = "ToggleHideMenu"
2021-10-05T11:07:18.525Z In(05) vmx DICT pref.keyboardAndMouse.profile2.mapping13.mappingKey = "13"
2021-10-05T11:07:18.525Z In(05) vmx DICT pref.keyboardAndMouse.profile2.mapping13.enabled = "FALSE"
2021-10-05T11:07:18.525Z In(05) vmx DICT pref.keyboardAndMouse.profile2.mapping13.fromHost = "GUI E"
2021-10-05T11:07:18.525Z In(05) vmx DICT pref.keyboardAndMouse.profile2.mapping13.toGuest = "Settings"
2021-10-05T11:07:18.525Z In(05) vmx DICT pref.keyboardAndMouse.profile3.profileKey = "52f5f041-02c9-9fc0-f171-d9cb33c9e0ef"
2021-10-05T11:07:18.525Z In(05) vmx DICT pref.keyboardAndMouse.profile3.profileName = "Profile"
2021-10-05T11:07:18.525Z In(05) vmx DICT pref.keyboardAndMouse.profile3.profileType = "standard"
2021-10-05T11:07:18.525Z In(05) vmx DICT pref.keyboardAndMouse.profile3.enableOSShortcuts = "TRUE"
2021-10-05T11:07:18.525Z In(05) vmx DICT pref.keyboardAndMouse.profile3.enableKeyMappings = "TRUE"
2021-10-05T11:07:18.525Z In(05) vmx DICT pref.keyboardAndMouse.profile3.languageSpecificKeyMappingsEnabled = "TRUE"
2021-10-05T11:07:18.525Z In(05) vmx DICT pref.keyboardAndMouse.profile3.selectedLanguage = ""
2021-10-05T11:07:18.525Z In(05) vmx DICT pref.keyboardAndMouse.profile3.cmdKeyFilterType = "none"
2021-10-05T11:07:18.525Z In(05) vmx DICT pref.keyboardAndMouse.profile3.maxMappings = "25"
2021-10-05T11:07:18.525Z In(05) vmx DICT pref.keyboardAndMouse.profile3.mapping0.mappingKey = "0"
2021-10-05T11:07:18.525Z In(05) vmx DICT pref.keyboardAndMouse.profile3.mapping0.enabled = "TRUE"
2021-10-05T11:07:18.525Z In(05) vmx DICT pref.keyboardAndMouse.profile3.mapping0.fromHost = "GUI Z"
2021-10-05T11:07:18.525Z In(05) vmx DICT pref.keyboardAndMouse.profile3.mapping0.toGuest = "CONTROL Z"
2021-10-05T11:07:18.525Z In(05) vmx DICT pref.keyboardAndMouse.profile3.mapping1.mappingKey = "1"
2021-10-05T11:07:18.525Z In(05) vmx DICT pref.keyboardAndMouse.profile3.mapping1.enabled = "TRUE"
2021-10-05T11:07:18.525Z In(05) vmx DICT pref.keyboardAndMouse.profile3.mapping1.fromHost = "GUI X"
2021-10-05T11:07:18.525Z In(05) vmx DICT pref.keyboardAndMouse.profile3.mapping1.toGuest = "CONTROL X"
2021-10-05T11:07:18.525Z In(05) vmx DICT pref.keyboardAndMouse.profile3.mapping2.mappingKey = "2"
2021-10-05T11:07:18.525Z In(05) vmx DICT pref.keyboardAndMouse.profile3.mapping2.enabled = "TRUE"
2021-10-05T11:07:18.525Z In(05) vmx DICT pref.keyboardAndMouse.profile3.mapping2.fromHost = "GUI C"
2021-10-05T11:07:18.525Z In(05) vmx DICT pref.keyboardAndMouse.profile3.mapping2.toGuest = "CONTROL C"
2021-10-05T11:07:18.525Z In(05) vmx DICT pref.keyboardAndMouse.profile3.mapping3.mappingKey = "3"
2021-10-05T11:07:18.525Z In(05) vmx DICT pref.keyboardAndMouse.profile3.mapping3.enabled = "TRUE"
2021-10-05T11:07:18.525Z In(05) vmx DICT pref.keyboardAndMouse.profile3.mapping3.fromHost = "GUI V"
2021-10-05T11:07:18.525Z In(05) vmx DICT pref.keyboardAndMouse.profile3.mapping3.toGuest = "CONTROL V"
2021-10-05T11:07:18.525Z In(05) vmx DICT pref.keyboardAndMouse.profile3.mapping4.mappingKey = "4"
2021-10-05T11:07:18.525Z In(05) vmx DICT pref.keyboardAndMouse.profile3.mapping4.enabled = "TRUE"
2021-10-05T11:07:18.525Z In(05) vmx DICT pref.keyboardAndMouse.profile3.mapping4.fromHost = "GUI P"
2021-10-05T11:07:18.525Z In(05) vmx DICT pref.keyboardAndMouse.profile3.mapping4.toGuest = "CONTROL P"
2021-10-05T11:07:18.525Z In(05) vmx DICT pref.keyboardAndMouse.profile3.mapping5.mappingKey = "5"
2021-10-05T11:07:18.525Z In(05) vmx DICT pref.keyboardAndMouse.profile3.mapping5.enabled = "TRUE"
2021-10-05T11:07:18.525Z In(05) vmx DICT pref.keyboardAndMouse.profile3.mapping5.fromHost = "GUI A"
2021-10-05T11:07:18.525Z In(05) vmx DICT pref.keyboardAndMouse.profile3.mapping5.toGuest = "CONTROL A"
2021-10-05T11:07:18.525Z In(05) vmx DICT pref.keyboardAndMouse.profile3.mapping6.mappingKey = "6"
2021-10-05T11:07:18.525Z In(05) vmx DICT pref.keyboardAndMouse.profile3.mapping6.enabled = "TRUE"
2021-10-05T11:07:18.525Z In(05) vmx DICT pref.keyboardAndMouse.profile3.mapping6.fromHost = "GUI S"
2021-10-05T11:07:18.525Z In(05) vmx DICT pref.keyboardAndMouse.profile3.mapping6.toGuest = "CONTROL S"
2021-10-05T11:07:18.525Z In(05) vmx DICT pref.keyboardAndMouse.profile3.mapping7.mappingKey = "7"
2021-10-05T11:07:18.525Z In(05) vmx DICT pref.keyboardAndMouse.profile3.mapping7.enabled = "TRUE"
2021-10-05T11:07:18.525Z In(05) vmx DICT pref.keyboardAndMouse.profile3.mapping7.fromHost = "GUI F"
2021-10-05T11:07:18.525Z In(05) vmx DICT pref.keyboardAndMouse.profile3.mapping7.toGuest = "0x03d"
2021-10-05T11:07:18.525Z In(05) vmx DICT pref.keyboardAndMouse.profile3.mapping8.mappingKey = "8"
2021-10-05T11:07:18.525Z In(05) vmx DICT pref.keyboardAndMouse.profile3.mapping8.enabled = "TRUE"
2021-10-05T11:07:18.525Z In(05) vmx DICT pref.keyboardAndMouse.profile3.mapping8.fromHost = "GUI W"
2021-10-05T11:07:18.525Z In(05) vmx DICT pref.keyboardAndMouse.profile3.mapping8.toGuest = "ALT 0x03e"
2021-10-05T11:07:18.525Z In(05) vmx DICT pref.keyboardAndMouse.profile3.mapping9.mappingKey = "9"
2021-10-05T11:07:18.525Z In(05) vmx DICT pref.keyboardAndMouse.profile3.mapping9.enabled = "TRUE"
2021-10-05T11:07:18.525Z In(05) vmx DICT pref.keyboardAndMouse.profile3.mapping9.fromHost = "CONTROL ALT 0xe"
2021-10-05T11:07:18.525Z In(05) vmx DICT pref.keyboardAndMouse.profile3.mapping9.toGuest = "CONTROL ALT 0x153"
2021-10-05T11:07:18.525Z In(05) vmx DICT pref.keyboardAndMouse.profile3.mapping10.mappingKey = "10"
2021-10-05T11:07:18.525Z In(05) vmx DICT pref.keyboardAndMouse.profile3.mapping10.enabled = "FALSE"
2021-10-05T11:07:18.525Z In(05) vmx DICT pref.keyboardAndMouse.profile3.mapping10.fromHost = "0x11c"
2021-10-05T11:07:18.525Z In(05) vmx DICT pref.keyboardAndMouse.profile3.mapping10.toGuest = "0x138"
2021-10-05T11:07:18.525Z In(05) vmx DICT pref.keyboardAndMouse.profile3.mapping11.mappingKey = "11"
2021-10-05T11:07:18.525Z In(05) vmx DICT pref.keyboardAndMouse.profile3.mapping11.enabled = "TRUE"
2021-10-05T11:07:18.525Z In(05) vmx DICT pref.keyboardAndMouse.profile3.mapping11.fromHost = "Mouse1 Control"
2021-10-05T11:07:18.525Z In(05) vmx DICT pref.keyboardAndMouse.profile3.mapping11.toGuest = "Mouse2"
2021-10-05T11:07:18.525Z In(05) vmx DICT pref.keyboardAndMouse.profile3.mapping12.mappingKey = "12"
2021-10-05T11:07:18.525Z In(05) vmx DICT pref.keyboardAndMouse.profile3.mapping12.enabled = "TRUE"
2021-10-05T11:07:18.525Z In(05) vmx DICT pref.keyboardAndMouse.profile3.mapping12.fromHost = "Mouse1 GUI"
2021-10-05T11:07:18.525Z In(05) vmx DICT pref.keyboardAndMouse.profile3.mapping12.toGuest = "Mouse3"
2021-10-05T11:07:18.525Z In(05) vmx DICT pref.keyboardAndMouse.profile3.mapping13.mappingKey = "13"
2021-10-05T11:07:18.525Z In(05) vmx DICT pref.keyboardAndMouse.profile3.mapping13.enabled = "TRUE"
2021-10-05T11:07:18.525Z In(05) vmx DICT pref.keyboardAndMouse.profile3.mapping13.fromHost = "GUI CONTROL"
2021-10-05T11:07:18.525Z In(05) vmx DICT pref.keyboardAndMouse.profile3.mapping13.toGuest = "Ungrab"
2021-10-05T11:07:18.525Z In(05) vmx DICT pref.keyboardAndMouse.profile3.mapping14.mappingKey = "14"
2021-10-05T11:07:18.525Z In(05) vmx DICT pref.keyboardAndMouse.profile3.mapping14.enabled = "TRUE"
2021-10-05T11:07:18.525Z In(05) vmx DICT pref.keyboardAndMouse.profile3.mapping14.fromHost = "GUI CONTROL F"
2021-10-05T11:07:18.525Z In(05) vmx DICT pref.keyboardAndMouse.profile3.mapping14.toGuest = "Fullscreen"
2021-10-05T11:07:18.525Z In(05) vmx DICT pref.keyboardAndMouse.profile3.mapping15.mappingKey = "15"
2021-10-05T11:07:18.525Z In(05) vmx DICT pref.keyboardAndMouse.profile3.mapping15.enabled = "TRUE"
2021-10-05T11:07:18.525Z In(05) vmx DICT pref.keyboardAndMouse.profile3.mapping15.fromHost = "GUI CONTROL U"
2021-10-05T11:07:18.525Z In(05) vmx DICT pref.keyboardAndMouse.profile3.mapping15.toGuest = "Unity"
2021-10-05T11:07:18.525Z In(05) vmx DICT pref.keyboardAndMouse.profile3.mapping16.mappingKey = "16"
2021-10-05T11:07:18.525Z In(05) vmx DICT pref.keyboardAndMouse.profile3.mapping16.enabled = "TRUE"
2021-10-05T11:07:18.525Z In(05) vmx DICT pref.keyboardAndMouse.profile3.mapping16.fromHost = "GUI SHIFT U"
2021-10-05T11:07:18.525Z In(05) vmx DICT pref.keyboardAndMouse.profile3.mapping16.toGuest = "Unity"
2021-10-05T11:07:18.525Z In(05) vmx DICT pref.keyboardAndMouse.profile3.mapping17.mappingKey = "17"
2021-10-05T11:07:18.525Z In(05) vmx DICT pref.keyboardAndMouse.profile3.mapping17.enabled = "TRUE"
2021-10-05T11:07:18.525Z In(05) vmx DICT pref.keyboardAndMouse.profile3.mapping17.fromHost = "GUI CONTROL S"
2021-10-05T11:07:18.525Z In(05) vmx DICT pref.keyboardAndMouse.profile3.mapping17.toGuest = "SingleWindow"
2021-10-05T11:07:18.525Z In(05) vmx DICT pref.keyboardAndMouse.profile3.mapping18.mappingKey = "18"
2021-10-05T11:07:18.525Z In(05) vmx DICT pref.keyboardAndMouse.profile3.mapping18.enabled = "TRUE"
2021-10-05T11:07:18.525Z In(05) vmx DICT pref.keyboardAndMouse.profile3.mapping18.fromHost = "GUI 0x029"
2021-10-05T11:07:18.525Z In(05) vmx DICT pref.keyboardAndMouse.profile3.mapping18.toGuest = "CycleWindow"
2021-10-05T11:07:18.525Z In(05) vmx DICT pref.keyboardAndMouse.profile3.mapping19.mappingKey = "19"
2021-10-05T11:07:18.525Z In(05) vmx DICT pref.keyboardAndMouse.profile3.mapping19.enabled = "TRUE"
2021-10-05T11:07:18.525Z In(05) vmx DICT pref.keyboardAndMouse.profile3.mapping19.fromHost = "GUI SHIFT 0x029"
2021-10-05T11:07:18.525Z In(05) vmx DICT pref.keyboardAndMouse.profile3.mapping19.toGuest = "CycleWindowReverse"
2021-10-05T11:07:18.525Z In(05) vmx DICT pref.keyboardAndMouse.profile3.mapping20.mappingKey = "20"
2021-10-05T11:07:18.525Z In(05) vmx DICT pref.keyboardAndMouse.profile3.mapping20.enabled = "TRUE"
2021-10-05T11:07:18.525Z In(05) vmx DICT pref.keyboardAndMouse.profile3.mapping20.fromHost = "GUI H"
2021-10-05T11:07:18.525Z In(05) vmx DICT pref.keyboardAndMouse.profile3.mapping20.toGuest = "HideApplication"
2021-10-05T11:07:18.525Z In(05) vmx DICT pref.keyboardAndMouse.profile3.mapping21.mappingKey = "21"
2021-10-05T11:07:18.525Z In(05) vmx DICT pref.keyboardAndMouse.profile3.mapping21.enabled = "TRUE"
2021-10-05T11:07:18.525Z In(05) vmx DICT pref.keyboardAndMouse.profile3.mapping21.fromHost = "GUI M"
2021-10-05T11:07:18.525Z In(05) vmx DICT pref.keyboardAndMouse.profile3.mapping21.toGuest = "MinimizeWindow"
2021-10-05T11:07:18.525Z In(05) vmx DICT pref.keyboardAndMouse.profile3.mapping22.mappingKey = "22"
2021-10-05T11:07:18.525Z In(05) vmx DICT pref.keyboardAndMouse.profile3.mapping22.enabled = "TRUE"
2021-10-05T11:07:18.525Z In(05) vmx DICT pref.keyboardAndMouse.profile3.mapping22.fromHost = "GUI Q"
2021-10-05T11:07:18.525Z In(05) vmx DICT pref.keyboardAndMouse.profile3.mapping22.toGuest = "Quit"
2021-10-05T11:07:18.525Z In(05) vmx DICT pref.keyboardAndMouse.profile3.mapping23.mappingKey = "23"
2021-10-05T11:07:18.525Z In(05) vmx DICT pref.keyboardAndMouse.profile3.mapping23.enabled = "TRUE"
2021-10-05T11:07:18.525Z In(05) vmx DICT pref.keyboardAndMouse.profile3.mapping23.fromHost = "GUI SHIFT M"
2021-10-05T11:07:18.525Z In(05) vmx DICT pref.keyboardAndMouse.profile3.mapping23.toGuest = "ToggleHideMenu"
2021-10-05T11:07:18.525Z In(05) vmx DICT pref.keyboardAndMouse.profile3.mapping24.mappingKey = "24"
2021-10-05T11:07:18.525Z In(05) vmx DICT pref.keyboardAndMouse.profile3.mapping24.enabled = "FALSE"
2021-10-05T11:07:18.525Z In(05) vmx DICT pref.keyboardAndMouse.profile3.mapping24.fromHost = "GUI E"
2021-10-05T11:07:18.525Z In(05) vmx DICT pref.keyboardAndMouse.profile3.mapping24.toGuest = "Settings"
2021-10-05T11:07:18.525Z In(05) vmx DICT   pref.lastUpdateCheckSec = "1633426138"
2021-10-05T11:07:18.525Z In(05) vmx DICT         vmWizard.guestKey = "arm-ubuntu-64"
2021-10-05T11:07:18.525Z In(05) vmx DICT --- USER DEFAULTS /Users/ashleypearson/Library/Preferences/VMware Fusion/config
2021-10-05T11:07:18.525Z In(05) vmx DICT --- HOST DEFAULTS /Library/Preferences/VMware Fusion/config
2021-10-05T11:07:18.525Z In(05) vmx DICT --- SITE DEFAULTS /Applications/VMware Fusion Tech Preview.app/Contents/Library/config
2021-10-05T11:07:18.525Z In(05) vmx DICT --- NONPERSISTENT
2021-10-05T11:07:18.525Z In(05) vmx DICT            vmx.stdio.keep = "TRUE"
2021-10-05T11:07:18.525Z In(05) vmx DICT             gui.available = "TRUE"
2021-10-05T11:07:18.525Z In(05) vmx DICT --- COMMAND LINE
2021-10-05T11:07:18.525Z In(05) vmx DICT            vmx.stdio.keep = "TRUE"
2021-10-05T11:07:18.525Z In(05) vmx DICT             gui.available = "TRUE"
2021-10-05T11:07:18.525Z In(05) vmx DICT --- RECORDING
2021-10-05T11:07:18.525Z In(05) vmx DICT            vmx.stdio.keep = "TRUE"
2021-10-05T11:07:18.525Z In(05) vmx DICT             gui.available = "TRUE"
2021-10-05T11:07:18.525Z In(05) vmx DICT --- CONFIGURATION /Users/ashleypearson/Desktop/uweOS_vmware_v0.9/uweOS_vm/uweOS.vmx 
2021-10-05T11:07:18.525Z In(05) vmx DICT            config.version = "8"
2021-10-05T11:07:18.525Z In(05) vmx DICT         virtualHW.version = "18"
2021-10-05T11:07:18.525Z In(05) vmx DICT              mks.enable3d = "TRUE"
2021-10-05T11:07:18.525Z In(05) vmx DICT        pciBridge0.present = "TRUE"
2021-10-05T11:07:18.525Z In(05) vmx DICT        pciBridge4.present = "TRUE"
2021-10-05T11:07:18.525Z In(05) vmx DICT     pciBridge4.virtualDev = "pcieRootPort"
2021-10-05T11:07:18.525Z In(05) vmx DICT      pciBridge4.functions = "8"
2021-10-05T11:07:18.525Z In(05) vmx DICT        pciBridge5.present = "TRUE"
2021-10-05T11:07:18.525Z In(05) vmx DICT     pciBridge5.virtualDev = "pcieRootPort"
2021-10-05T11:07:18.525Z In(05) vmx DICT      pciBridge5.functions = "8"
2021-10-05T11:07:18.525Z In(05) vmx DICT        pciBridge6.present = "TRUE"
2021-10-05T11:07:18.525Z In(05) vmx DICT     pciBridge6.virtualDev = "pcieRootPort"
2021-10-05T11:07:18.525Z In(05) vmx DICT      pciBridge6.functions = "8"
2021-10-05T11:07:18.525Z In(05) vmx DICT        pciBridge7.present = "TRUE"
2021-10-05T11:07:18.525Z In(05) vmx DICT     pciBridge7.virtualDev = "pcieRootPort"
2021-10-05T11:07:18.525Z In(05) vmx DICT      pciBridge7.functions = "8"
2021-10-05T11:07:18.525Z In(05) vmx DICT             vmci0.present = "TRUE"
2021-10-05T11:07:18.525Z In(05) vmx DICT             hpet0.present = "TRUE"
2021-10-05T11:07:18.525Z In(05) vmx DICT                     nvram = "uweOS.nvram"
2021-10-05T11:07:18.525Z In(05) vmx DICT virtualHW.productCompatibility = "hosted"
2021-10-05T11:07:18.525Z In(05) vmx DICT          gui.exitOnCLIHLT = "FALSE"
2021-10-05T11:07:18.525Z In(05) vmx DICT        powerType.powerOff = "soft"
2021-10-05T11:07:18.525Z In(05) vmx DICT         powerType.powerOn = "soft"
2021-10-05T11:07:18.525Z In(05) vmx DICT         powerType.suspend = "soft"
2021-10-05T11:07:18.525Z In(05) vmx DICT           powerType.reset = "soft"
2021-10-05T11:07:18.525Z In(05) vmx DICT               displayName = "uweOS_VM"
2021-10-05T11:07:18.525Z In(05) vmx DICT usb.vbluetooth.startConnected = "TRUE"
2021-10-05T11:07:18.525Z In(05) vmx DICT                   guestOS = "ubuntu"
2021-10-05T11:07:18.525Z In(05) vmx DICT            tools.syncTime = "FALSE"
2021-10-05T11:07:18.525Z In(05) vmx DICT          sound.autoDetect = "TRUE"
2021-10-05T11:07:18.525Z In(05) vmx DICT            sound.fileName = "-1"
2021-10-05T11:07:18.525Z In(05) vmx DICT                  numvcpus = "2"
2021-10-05T11:07:18.525Z In(05) vmx DICT               vcpu.hotadd = "TRUE"
2021-10-05T11:07:18.525Z In(05) vmx DICT                   memsize = "4096"
2021-10-05T11:07:18.525Z In(05) vmx DICT                mem.hotadd = "TRUE"
2021-10-05T11:07:18.525Z In(05) vmx DICT          scsi0.virtualDev = "lsilogic"
2021-10-05T11:07:18.525Z In(05) vmx DICT             scsi0.present = "TRUE"
2021-10-05T11:07:18.525Z In(05) vmx DICT             sata0.present = "TRUE"
2021-10-05T11:07:18.525Z In(05) vmx DICT          scsi0:0.fileName = "uweOS_disk.vmdk"
2021-10-05T11:07:18.525Z In(05) vmx DICT        sata0:1.autodetect = "TRUE"
2021-10-05T11:07:18.525Z In(05) vmx DICT        sata0:1.deviceType = "cdrom-raw"
2021-10-05T11:07:18.525Z In(05) vmx DICT          sata0:1.fileName = "auto detect"
2021-10-05T11:07:18.525Z In(05) vmx DICT           sata0:1.present = "TRUE"
2021-10-05T11:07:18.525Z In(05) vmx DICT               usb.present = "TRUE"
2021-10-05T11:07:18.525Z In(05) vmx DICT              ehci.present = "TRUE"
2021-10-05T11:07:18.525Z In(05) vmx DICT     svga.graphicsMemoryKB = "8388608"
2021-10-05T11:07:18.525Z In(05) vmx DICT  ethernet0.connectionType = "nat"
2021-10-05T11:07:18.525Z In(05) vmx DICT     ethernet0.addressType = "generated"
2021-10-05T11:07:18.525Z In(05) vmx DICT          serial0.fileType = "thinprint"
2021-10-05T11:07:18.525Z In(05) vmx DICT          serial0.fileName = "thinprint"
2021-10-05T11:07:18.525Z In(05) vmx DICT         ethernet0.present = "TRUE"
2021-10-05T11:07:18.525Z In(05) vmx DICT        extendedConfigFile = "uweOS.vmxf"
2021-10-05T11:07:18.525Z In(05) vmx DICT           floppy0.present = "FALSE"
2021-10-05T11:07:18.525Z In(05) vmx DICT          scsi0:1.fileName = "os_vm.vmdk"
2021-10-05T11:07:18.525Z In(05) vmx DICT           scsi0:0.present = "TRUE"
2021-10-05T11:07:18.525Z In(05) vmx DICT                 uuid.bios = "56 4d ec 8a 1e 99 47 39-d0 c8 3c fb f7 dd ad b7"
2021-10-05T11:07:18.525Z In(05) vmx DICT             uuid.location = "56 4d ec 8a 1e 99 47 39-d0 c8 3c fb f7 dd ad b7"
2021-10-05T11:07:18.525Z In(05) vmx DICT              scsi0:0.redo = ""
2021-10-05T11:07:18.525Z In(05) vmx DICT  pciBridge0.pciSlotNumber = "17"
2021-10-05T11:07:18.525Z In(05) vmx DICT  pciBridge4.pciSlotNumber = "21"
2021-10-05T11:07:18.525Z In(05) vmx DICT  pciBridge5.pciSlotNumber = "22"
2021-10-05T11:07:18.525Z In(05) vmx DICT  pciBridge6.pciSlotNumber = "23"
2021-10-05T11:07:18.525Z In(05) vmx DICT  pciBridge7.pciSlotNumber = "24"
2021-10-05T11:07:18.525Z In(05) vmx DICT       scsi0.pciSlotNumber = "16"
2021-10-05T11:07:18.525Z In(05) vmx DICT         usb.pciSlotNumber = "32"
2021-10-05T11:07:18.525Z In(05) vmx DICT   ethernet0.pciSlotNumber = "33"
2021-10-05T11:07:18.525Z In(05) vmx DICT       sound.pciSlotNumber = "-1"
2021-10-05T11:07:18.525Z In(05) vmx DICT        ehci.pciSlotNumber = "35"
2021-10-05T11:07:18.525Z In(05) vmx DICT       vmci0.pciSlotNumber = "36"
2021-10-05T11:07:18.525Z In(05) vmx DICT       sata0.pciSlotNumber = "37"
2021-10-05T11:07:18.525Z In(05) vmx DICT             svga.vramSize = "268435456"
2021-10-05T11:07:18.525Z In(05) vmx DICT  vmotion.checkpointFBSize = "4194304"
2021-10-05T11:07:18.525Z In(05) vmx DICT vmotion.checkpointSVGAPrimarySize = "268435456"
2021-10-05T11:07:18.525Z In(05) vmx DICT   vmotion.svga.mobMaxSize = "1073741824"
2021-10-05T11:07:18.525Z In(05) vmx DICT vmotion.svga.graphicsMemoryKB = "8388608"
2021-10-05T11:07:18.525Z In(05) vmx DICT   vmotion.svga.supports3D = "1"
2021-10-05T11:07:18.525Z In(05) vmx DICT vmotion.svga.baseCapsLevel = "9"
2021-10-05T11:07:18.525Z In(05) vmx DICT vmotion.svga.maxPointSize = "1"
2021-10-05T11:07:18.525Z In(05) vmx DICT vmotion.svga.maxTextureSize = "16384"
2021-10-05T11:07:18.525Z In(05) vmx DICT vmotion.svga.maxVolumeExtent = "2048"
2021-10-05T11:07:18.525Z In(05) vmx DICT vmotion.svga.maxTextureAnisotropy = "16"
2021-10-05T11:07:18.525Z In(05) vmx DICT  vmotion.svga.lineStipple = "0"
2021-10-05T11:07:18.525Z In(05) vmx DICT vmotion.svga.dxMaxConstantBuffers = "14"
2021-10-05T11:07:18.525Z In(05) vmx DICT vmotion.svga.dxProvokingVertex = "0"
2021-10-05T11:07:18.525Z In(05) vmx DICT         vmotion.svga.sm41 = "1"
2021-10-05T11:07:18.525Z In(05) vmx DICT vmotion.svga.multisample2x = "1"
2021-10-05T11:07:18.525Z In(05) vmx DICT vmotion.svga.multisample4x = "1"
2021-10-05T11:07:18.525Z In(05) vmx DICT vmotion.svga.msFullQuality = "1"
2021-10-05T11:07:18.525Z In(05) vmx DICT     vmotion.svga.logicOps = "1"
2021-10-05T11:07:18.525Z In(05) vmx DICT         vmotion.svga.bc67 = "9"
2021-10-05T11:07:18.525Z In(05) vmx DICT          vmotion.svga.sm5 = "1"
2021-10-05T11:07:18.525Z In(05) vmx DICT vmotion.svga.multisample8x = "1"
2021-10-05T11:07:18.525Z In(05) vmx DICT vmotion.svga.logicBlendOps = "1"
2021-10-05T11:07:18.525Z In(05) vmx DICT ethernet0.generatedAddress = "00:0c:29:dd:ad:b7"
2021-10-05T11:07:18.525Z In(05) vmx DICT ethernet0.generatedAddressOffset = "0"
2021-10-05T11:07:18.525Z In(05) vmx DICT                  vmci0.id = "-136467017"
2021-10-05T11:07:18.525Z In(05) vmx DICT    monitor.phys_bits_used = "45"
2021-10-05T11:07:18.525Z In(05) vmx DICT             cleanShutdown = "TRUE"
2021-10-05T11:07:18.525Z In(05) vmx DICT              softPowerOff = "TRUE"
2021-10-05T11:07:18.525Z In(05) vmx DICT               usb:1.speed = "2"
2021-10-05T11:07:18.525Z In(05) vmx DICT             usb:1.present = "TRUE"
2021-10-05T11:07:18.525Z In(05) vmx DICT          usb:1.deviceType = "hub"
2021-10-05T11:07:18.525Z In(05) vmx DICT                usb:1.port = "1"
2021-10-05T11:07:18.525Z In(05) vmx DICT              usb:1.parent = "-1"
2021-10-05T11:07:18.525Z In(05) vmx DICT svga.guestBackedPrimaryAware = "TRUE"
2021-10-05T11:07:18.525Z In(05) vmx DICT    sata0:1.startConnected = "FALSE"
2021-10-05T11:07:18.525Z In(05) vmx DICT toolsInstallManager.lastInstallError = "21004"
2021-10-05T11:07:18.525Z In(05) vmx DICT toolsInstallManager.updateCounter = "3"
2021-10-05T11:07:18.525Z In(05) vmx DICT       tools.remindInstall = "FALSE"
2021-10-05T11:07:18.525Z In(05) vmx DICT             usb:0.present = "TRUE"
2021-10-05T11:07:18.525Z In(05) vmx DICT          usb:0.deviceType = "hid"
2021-10-05T11:07:18.525Z In(05) vmx DICT                usb:0.port = "0"
2021-10-05T11:07:18.525Z In(05) vmx DICT              usb:0.parent = "-1"
2021-10-05T11:07:18.525Z In(05) vmx DICT    ulm.disableMitigations = "TRUE"
2021-10-05T11:07:18.525Z In(05) vmx DICT --- USER DEFAULTS ~/Library/Preferences/VMware Fusion/config 
2021-10-05T11:07:18.525Z In(05) vmx DICT --- HOST DEFAULTS /Library/Preferences/VMware Fusion/config 
2021-10-05T11:07:18.525Z In(05) vmx DICT --- SITE DEFAULTS /dev/null/Non-existing DEFAULT_LIBDIRECTORY/config 
2021-10-05T11:07:18.525Z In(05) vmx DICT --- GLOBAL SETTINGS /dev/null/Non-existing DEFAULT_LIBDIRECTORY/settings 
2021-10-05T11:07:18.525Z In(05) vmx Msg_Post: Error
2021-10-05T11:07:18.525Z In(05) vmx [msg.guestos.badArch] This virtual machine cannot be powered on because it requires the X86 machine architecture, which is incompatible with this Arm machine architecture host. See KB-84273.
2021-10-05T11:07:18.525Z In(05) vmx ----------------------------------------
2021-10-05T11:07:20.085Z In(05) vmx Module 'GuestOS' power on failed.
2021-10-05T11:07:20.085Z In(05) vmx VMX_PowerOn: ModuleTable_PowerOn = 0
2021-10-05T11:07:20.086Z In(05) vmx VMXSTATS: Ready to cleanup and munmap 10474C000.
2021-10-05T11:07:20.087Z In(05) vmx 
2021-10-05T11:07:20.087Z In(05)+ vmx Power on failure messages: This virtual machine cannot be powered on because it requires the X86 machine architecture, which is incompatible with this Arm machine architecture host. See KB-84273.
2021-10-05T11:07:20.087Z In(05)+ vmx Failed to start the virtual machine.
2021-10-05T11:07:20.087Z In(05)+ vmx 
2021-10-05T11:07:20.087Z In(05) vmx Vix: [mainDispatch.c:4206]: VMAutomation_ReportPowerOpFinished: statevar=0, newAppState=1870, success=1 additionalError=0
2021-10-05T11:07:20.087Z In(05) vmx Transitioned vmx/execState/val to poweredOff
2021-10-05T11:07:20.087Z In(05) vmx Vix: [mainDispatch.c:4206]: VMAutomation_ReportPowerOpFinished: statevar=0, newAppState=1870, success=0 additionalError=0
2021-10-05T11:07:20.088Z In(05) vmx Vix: [mainDispatch.c:4244]: Error VIX_E_FAIL in VMAutomation_ReportPowerOpFinished(): Unknown error
2021-10-05T11:07:20.089Z In(05) vmx Vix: [mainDispatch.c:4206]: VMAutomation_ReportPowerOpFinished: statevar=0, newAppState=1870, success=1 additionalError=0
2021-10-05T11:07:20.089Z In(05) vmx Transitioned vmx/execState/val to poweredOff
2021-10-05T11:07:20.091Z In(05) vmx WQPoolFreePoll : pollIx = 3, signalHandle = 26
2021-10-05T11:07:20.091Z Wa(03) vmx vmmon was never opened.
2021-10-05T11:07:20.091Z In(05) vmx Services_Exit: Closed the services.
2021-10-05T11:07:20.092Z In(05) vmx Vix: [mainDispatch.c:815]: VMAutomation_LateShutdown()
2021-10-05T11:07:20.092Z In(05) vmx Vix: [mainDispatch.c:770]: VMAutomationCloseListenerSocket. Closing listener socket.
2021-10-05T11:07:20.094Z In(05) vmx Flushing VMX VMDB connections
2021-10-05T11:07:20.094Z In(05) vmx VmdbDbRemoveCnx: Removing Cnx from Db for '/db/connection/#1/'
2021-10-05T11:07:20.094Z In(05) vmx VmdbCnxDisconnect: Disconnect: closed pipe for pub cnx '/db/connection/#1/' (0)
2021-10-05T11:07:20.095Z In(05) vmx VigorTransport_ServerDestroy: server destroyed.
2021-10-05T11:07:20.095Z In(05) vmx WQPoolFreePoll : pollIx = 2, signalHandle = 14
2021-10-05T11:07:20.095Z In(05) vmx WQPoolFreePoll : pollIx = 1, signalHandle = 16
2021-10-05T11:07:20.104Z In(05) vmx VMX exit (0).
2021-10-05T11:07:20.104Z In(05) vmx OBJLIB-LIB: ObjLib cleanup done.
